<?xml version="1.0" encoding="UTF-8"?>
<!-- Generated by org.testng.reporters.JUnitXMLReporter -->
<testsuite ignored="0" hostname="DESKTOP-8QG8CLM" failures="0" tests="2" name="Test" time="0.251" errors="0" timestamp="2022-06-01T20:11:59 IST">
  <testcase classname="TestClasses.VerifyUserCanBuyProduct" name="@BeforeClass beforeClass" time="0.03">
    <failure type="java.lang.Error" message="Unresolved compilation problem: 
	k cannot be resolved to a variable
">
      <![CDATA[java.lang.Error: Unresolved compilation problem: 
k cannot be resolved to a variable

at TestClasses.VerifyUserCanBuyProduct.beforeClass(VerifyUserCanBuyProduct.java:27)
at java.base/java.util.ArrayList.forEach(ArrayList.java:1511)
... Removed 25 stack frames]]>
    </failure>
  </testcase> <!-- @BeforeClass beforeClass -->
  <testcase classname="TestClasses.VerifyUserCanBuyProduct" name="@BeforeMethod beforeMethod" time="-1.654094519473E9">
    <skipped/>
  </testcase> <!-- @BeforeMethod beforeMethod -->
  <testcase classname="TestClasses.VerifyUserCanBuyProduct" name="@AfterMethod afterMethod" time="-1.654094519504E9">
    <skipped/>
  </testcase> <!-- @AfterMethod afterMethod -->
  <testcase classname="TestClasses.VerifyUserCanBuyProduct" name="@AfterClass afterClass" time="-1.654094519523E9">
    <skipped/>
  </testcase> <!-- @AfterClass afterClass -->
  <testcase classname="TestClasses.VerifyUserCanBuyProduct" name="verifyUserCanLogin" time="0.0">
    <skipped/>
  </testcase> <!-- verifyUserCanLogin -->
  <testcase classname="TestClasses.VerifyUserCanRemoverProductsFromCart" name="test1" time="0.005"/>
</testsuite> <!-- Test -->
